Health check Example_Health_Check completed after 2.3641ms with status Degraded and description 'An unhealthy HealthCheckResult using its Constructore'
egisteration'
Health check Example_health_Check_with_Args completed after 0.7312ms with status Unhealthy and description 'The Health Status read from AddHealthCheck Registeration'
Health check Example_health_Check_with_Args completed after 3.5478ms with status Unhealthy and description 'The Health Status read from AddHealthCheck Registeration'
Health check Example_Health_Check completed after 3.4733ms with status Degraded and description 'An unhealthy HealthCheckResult using its Constructore'
Health check Example_health_Check_with_Args completed after 6.6276ms with status Unhealthy and description 'The Health Status read from AddHealthCheck Registeration'
Health check hosted_service_startup completed after 0.6228ms with status Unhealthy and description 'The startup task is still running.'
Health check Example_Health_Check completed after 4.4855ms with status Degraded and description 'An unhealthy HealthCheckResult using its Constructore'
Health check Example_Health_Check completed after 0.0974ms with status Degraded and description 'An unhealthy HealthCheckResult using its Constructore'
Health check Example_health_Check_with_Args completed after 0.0935ms with status Unhealthy and description 'The Health Status read from AddHealthCheck Registeration'
Health check Example_health_Check_with_Args completed after 0.4542ms with status Unhealthy and description 'The Health Status read from AddHealthCheck Registeration'
Health check hosted_service_startup completed after 0.5396ms with status Unhealthy and description 'The startup task is still running.'
s Constructore'
Health check Example_Health_Check completed after 0.0969ms with status Degraded and description 'An unhealthy HealthCheckResult using its Constructore'
Health check Example_health_Check_with_Args completed after 0.1057ms with status Unhealthy and description 'The Health Status read from AddHealthCheck Registeration'
Health check Example_Health_Check completed after 0.0027ms with status Degraded and description 'An unhealthy HealthCheckResult using its Constructore'
Health check Example_health_Check_with_Args completed after 0.0086ms with status Unhealthy and description 'The Health Status read from AddHealthCheck Registeration'
Health check Example_Health_Check completed after 2.2917ms with status Degraded and description 'An unhealthy HealthCheckResult using its Constructore'
Health check Example_health_Check_with_Args completed after 0.4601ms with status Unhealthy and description 'The Health Status read from AddHealthCheck Registeration'
Health check hosted_service_startup completed after 23.6922ms with status Unhealthy and description 'The startup task is still running.'
Health check Example_Health_Check completed after 0.0331ms with status Degraded and description 'An unhealthy HealthCheckResult using its Constructore'
egisteration'
Health check Example_Health_Check completed after 0.0081ms with status Degraded and description 'An unhealthy HealthCheckResult using its Constructore'
Health check Example_health_Check_with_Args completed after 0.0047ms with status Unhealthy and description 'The Health Status read from AddHealthCheck Registeration'
Health check Northwind completed after 87.5468ms with status Unhealthy and description '(null)'
Health check Example_Health_Check completed after 0.0029ms with status Degraded and description 'An unhealthy HealthCheckResult using its Constructore'
Health check Example_health_Check_with_Args completed after 0.0076ms with status Unhealthy and description 'The Health Status read from AddHealthCheck Registeration'
Health check Example_Health_Check completed after 0.009ms with status Degraded and description 'An unhealthy HealthCheckResult using its Constructore'
Registeration'
Health check Example_health_Check_with_Args completed after 0.0034ms with status Unhealthy and description 'The Health Status read from AddHealthCheck Registeration'
Health check Example_Health_Check completed after 0.0044ms with status Degraded and description 'An unhealthy HealthCheckResult using its Constructore'
Health check Example_Health_Check completed after 0.0074ms with status Degraded and description 'An unhealthy HealthCheckResult using its Constructore'
Health check Example_health_Check_with_Args completed after 0.0069ms with status Unhealthy and description 'The Health Status read from AddHealthCheck Registeration'
Health check Example_Health_Check completed after 0.0035ms with status Degraded and description 'An unhealthy HealthCheckResult using its Constructore'
Health check Example_health_Check_with_Args completed after 0.0075ms with status Unhealthy and description 'The Health Status read from AddHealthCheck Registeration'
Health check Example_Health_Check completed after 0.005ms with status Degraded and description 'An unhealthy HealthCheckResult using its Constructore'
Health check Example_health_Check_with_Args completed after 0.0045ms with status Unhealthy and description 'The Health Status read from AddHealthCheck Registeration'
Health check Example_Health_Check completed after 0.0038ms with status Degraded and description 'An unhealthy HealthCheckResult using its Constructore'
egisteration'
Health check Example_Health_Check completed after 0.0057ms with status Degraded and description 'An unhealthy HealthCheckResult using its Constructore'
Health check Example_health_Check_with_Args completed after 0.0065ms with status Unhealthy and description 'The Health Status read from AddHealthCheck Registeration'
Health check Example_Health_Check completed after 1.797ms with status Degraded and description 'An unhealthy HealthCheckResult using its Constructore'
Health check Example_health_Check_with_Args completed after 1.9027ms with status Unhealthy and description 'The Health Status read from AddHealthCheck Registeration'
Health check hosted_service_startup completed after 0.8313ms with status Unhealthy and description 'The startup task is still running.'
Health check Example_Health_Check completed after 0.0615ms with status Degraded and description 'An unhealthy HealthCheckResult using its Constructore'
Health check Example_health_Check_with_Args completed after 0.0566ms with status Unhealthy and description 'The Health Status read from AddHealthCheck Registeration'
