Health check Example_health_Check_with_Args completed after 2.2376ms with status Unhealthy and description 'The Health Status read from AddHealthCheck Registeration'
Health check Example_Health_Check completed after 0.3899ms with status Degraded and description 'An unhealthy HealthCheckResult using its Constructore'
Health check Example_health_Check_with_Args completed after 0.0745ms with status Unhealthy and description 'The Health Status read from AddHealthCheck Registeration'
Health check Example_Health_Check completed after 0.1037ms with status Degraded and description 'An unhealthy HealthCheckResult using its Constructore'
Health check Example_Health_Check completed after 0.0032ms with status Degraded and description 'An unhealthy HealthCheckResult using its Constructore'
Health check Example_health_Check_with_Args completed after 0.0074ms with status Unhealthy and description 'The Health Status read from AddHealthCheck Registeration'
Health check Example_health_Check_with_Args completed after 0.0049ms with status Unhealthy and description 'The Health Status read from AddHealthCheck Registeration'
Health check Example_Health_Check completed after 0.0091ms with status Degraded and description 'An unhealthy HealthCheckResult using its Constructore'
Health check Example_Health_Check completed after 0.3893ms with status Degraded and description 'An unhealthy HealthCheckResult using its Constructore'
Health check Example_health_Check_with_Args completed after 0.4306ms with status Unhealthy and description 'The Health Status read from AddHealthCheck Registeration'
Health check Example_Health_Check completed after 0.3642ms with status Degraded and description 'An unhealthy HealthCheckResult using its Constructore'
Health check Example_health_Check_with_Args completed after 0.4384ms with status Unhealthy and description 'The Health Status read from AddHealthCheck Registeration'
Health check Example_Health_Check completed after 0.7919ms with status Degraded and description 'An unhealthy HealthCheckResult using its Constructore'
egisteration'
Health check hosted_service_startup completed after 1.0982ms with status Unhealthy and description 'The startup task is still running.'
Health check sqlite completed after 160.2389ms with status Unhealthy and description '(null)'
Health check Example_Health_Check completed after 0.0193ms with status Degraded and description 'An unhealthy HealthCheckResult using its Constructore'
Health check Example_health_Check_with_Args completed after 0.0959ms with status Unhealthy and description 'The Health Status read from AddHealthCheck Registeration'
Health check hosted_service_startup completed after 0.031ms with status Unhealthy and description 'The startup task is still running.'
Health check Northwind completed after 1151.0536ms with status Unhealthy and description '(null)'
Health check Example_Health_Check completed after 0.0105ms with status Degraded and description 'An unhealthy HealthCheckResult using its Constructore'
Health check Example_health_Check_with_Args completed after 0.0054ms with status Unhealthy and description 'The Health Status read from AddHealthCheck Registeration'
