Now listening on: https://localhost:5001
Now listening on: http://localhost:5000
Application started. Press Ctrl+C to shut down.
Hosting environment: Development
Content root path: /home/selenium/Desktop/Learning/PracticalApps/NorthwindCookieAuth
Application is shutting down...
Now listening on: https://localhost:5001
Now listening on: http://localhost:5000
Application started. Press Ctrl+C to shut down.
Hosting environment: Development
Content root path: /home/selenium/Desktop/Learning/PracticalApps/NorthwindCookieAuth
Application is shutting down...
Now listening on: https://localhost:5001
Now listening on: http://localhost:5000
Application started. Press Ctrl+C to shut down.
Hosting environment: Development
Content root path: /home/selenium/Desktop/Learning/PracticalApps/NorthwindCookieAuth
Application is shutting down...
Now listening on: https://localhost:5001
Now listening on: http://localhost:5000
Application started. Press Ctrl+C to shut down.
Hosting environment: Development
Content root path: /home/selenium/Desktop/Learning/PracticalApps/NorthwindCookieAuth
Application is shutting down...
Now listening on: https://localhost:5001
Now listening on: http://localhost:5000
Application started. Press Ctrl+C to shut down.
Hosting environment: Development
Content root path: /home/selenium/Desktop/Learning/PracticalApps/NorthwindCookieAuth
Application is shutting down...
Now listening on: https://localhost:5001
Now listening on: http://localhost:5000
Application started. Press Ctrl+C to shut down.
Hosting environment: Development
Content root path: /home/selenium/Desktop/Learning/PracticalApps/NorthwindCookieAuth
Application is shutting down...
Now listening on: https://localhost:5001
Now listening on: http://localhost:5000
Application started. Press Ctrl+C to shut down.
Hosting environment: Development
Content root path: /home/selenium/Desktop/Learning/PracticalApps/NorthwindCookieAuth
